[debug] [2023-05-23T16:21:38.795Z] ----------------------------------------------------------------------
[debug] [2023-05-23T16:21:38.797Z] Command:       C:\Program Files\nodejs\node.exe C:\Users\DELL\AppData\Roaming\npm\node_modules\firebase-tools\lib\bin\firebase.js init
[debug] [2023-05-23T16:21:38.797Z] CLI Version:   12.1.0
[debug] [2023-05-23T16:21:38.798Z] Platform:      win32
[debug] [2023-05-23T16:21:38.798Z] Node Version:  v18.13.0
[debug] [2023-05-23T16:21:38.799Z] Time:          Tue May 23 2023 11:21:38 GMT-0500 (hora estándar de Perú)
[debug] [2023-05-23T16:21:38.799Z] ----------------------------------------------------------------------
[debug] 
[debug] [2023-05-23T16:21:38.802Z] >>> [apiv2][query] GET https://firebase-public.firebaseio.com/cli.json [none]
[debug] [2023-05-23T16:21:38.856Z] > command requires scopes: ["email","openid","https://www.googleapis.com/auth/cloudplatformprojects.readonly","https://www.googleapis.com/auth/firebase","https://www.googleapis.com/auth/cloud-platform"]
[debug] [2023-05-23T16:21:38.857Z] > authorizing via signed-in user (pedrojamie7@gmail.com)
[info] 
     ######## #### ########  ######## ########     ###     ######  ########
     ##        ##  ##     ## ##       ##     ##  ##   ##  ##       ##
     ######    ##  ########  ######   ########  #########  ######  ######
     ##        ##  ##    ##  ##       ##     ## ##     ##       ## ##
     ##       #### ##     ## ######## ########  ##     ##  ######  ########

You're about to initialize a Firebase project in this directory:

  D:\SIGES\Web

[debug] [2023-05-23T16:21:39.505Z] <<< [apiv2][status] GET https://firebase-public.firebaseio.com/cli.json 200
[debug] [2023-05-23T16:21:39.506Z] <<< [apiv2][body] GET https://firebase-public.firebaseio.com/cli.json {"cloudBuildErrorAfter":1594252800000,"cloudBuildWarnAfter":1590019200000,"defaultNode10After":1594252800000,"minVersion":"3.0.5","node8DeploysDisabledAfter":1613390400000,"node8RuntimeDisabledAfter":1615809600000,"node8WarnAfter":1600128000000}
[info] 
=== Project Setup
[info] 
[info] First, let's associate this project directory with a Firebase project.
[info] You can create multiple project aliases by running firebase use --add, 
[info] but for now we'll just set up a default project.
[info] 
[debug] [2023-05-23T16:22:02.314Z] > refreshing access token with scopes: []
[debug] [2023-05-23T16:22:02.316Z] >>> [apiv2][query] POST https://www.googleapis.com/oauth2/v3/token [none]
[debug] [2023-05-23T16:22:02.316Z] >>> [apiv2][body] POST https://www.googleapis.com/oauth2/v3/token [omitted]
[debug] [2023-05-23T16:22:02.651Z] <<< [apiv2][status] POST https://www.googleapis.com/oauth2/v3/token 200
[debug] [2023-05-23T16:22:02.651Z] <<< [apiv2][body] POST https://www.googleapis.com/oauth2/v3/token [omitted]
[debug] [2023-05-23T16:22:02.681Z] >>> [apiv2][query] GET https://firebase.googleapis.com/v1beta1/projects pageSize=100
[debug] [2023-05-23T16:22:03.669Z] <<< [apiv2][status] GET https://firebase.googleapis.com/v1beta1/projects 200
[debug] [2023-05-23T16:22:03.669Z] <<< [apiv2][body] GET https://firebase.googleapis.com/v1beta1/projects [omitted]
[info] i  Using project siges-82487 (Siges) 
[info] 
=== Hosting Setup
[info] 
[info] Your public directory is the folder (relative to your project directory) that
[info] will contain Hosting assets to be uploaded with firebase deploy. If you
[info] have a build process for your assets, use your build's output directory.
[info] 
[debug] [2023-05-23T16:33:28.040Z] ----------------------------------------------------------------------
[debug] [2023-05-23T16:33:28.042Z] Command:       C:\Program Files\nodejs\node.exe C:\Users\DELL\AppData\Roaming\npm\node_modules\firebase-tools\lib\bin\firebase.js init
[debug] [2023-05-23T16:33:28.042Z] CLI Version:   12.1.0
[debug] [2023-05-23T16:33:28.043Z] Platform:      win32
[debug] [2023-05-23T16:33:28.043Z] Node Version:  v18.13.0
[debug] [2023-05-23T16:33:28.044Z] Time:          Tue May 23 2023 11:33:28 GMT-0500 (hora estándar de Perú)
[debug] [2023-05-23T16:33:28.044Z] ----------------------------------------------------------------------
[debug] 
[debug] [2023-05-23T16:33:28.051Z] > command requires scopes: ["email","openid","https://www.googleapis.com/auth/cloudplatformprojects.readonly","https://www.googleapis.com/auth/firebase","https://www.googleapis.com/auth/cloud-platform"]
[debug] [2023-05-23T16:33:28.052Z] > authorizing via signed-in user (pedrojamie7@gmail.com)
[info] 
     ######## #### ########  ######## ########     ###     ######  ########
     ##        ##  ##     ## ##       ##     ##  ##   ##  ##       ##
     ######    ##  ########  ######   ########  #########  ######  ######
     ##        ##  ##    ##  ##       ##     ## ##     ##       ## ##
     ##       #### ##     ## ######## ########  ##     ##  ######  ########

You're about to initialize a Firebase project in this directory:

  D:\SIGES\Web

